
Showing logs for build [32mcb-kubecd-environment-pr-226-3-dhwbk-1[0m stage [32mfrom-build-pack[0m and container [32mstep-credential-initializer-twm65[0m
{"level":"info","ts":1589945383.533108,"logger":"fallback-logger","caller":"logging/config.go:69","msg":"Fetch GitHub commit ID from kodata failed: open /var/run/ko/refs/heads/0.8.0-ns-support: no such file or directory"}
{"level":"info","ts":1589945383.5333402,"logger":"fallback-logger","caller":"creds-init/main.go:40","msg":"Credentials initialized."}

Showing logs for build [32mcb-kubecd-environment-pr-226-3-dhwbk-1[0m stage [32mfrom-build-pack[0m and container [32mstep-working-dir-initializer-stzrq[0m
{"level":"info","ts":1589945383.9692092,"logger":"fallback-logger","caller":"logging/config.go:69","msg":"Fetch GitHub commit ID from kodata failed: open /var/run/ko/HEAD: no such file or directory"}
{"level":"info","ts":1589945383.969956,"logger":"fallback-logger","caller":"bash/main.go:64","msg":"Successfully executed command \"sh -c mkdir -p /workspace/source\"; output "}

Showing logs for build [32mcb-kubecd-environment-pr-226-3-dhwbk-1[0m stage [32mfrom-build-pack[0m and container [32mstep-place-tools[0m

Showing logs for build [32mcb-kubecd-environment-pr-226-3-dhwbk-1[0m stage [32mfrom-build-pack[0m and container [32mstep-git-source-cb-kubecd-environment-pr-226-3-dhwbk-96dxt[0m
{"level":"info","ts":1589945388.0316784,"logger":"fallback-logger","caller":"logging/config.go:69","msg":"Fetch GitHub commit ID from kodata failed: open /var/run/ko/refs/heads/0.8.0-ns-support: no such file or directory"}
{"level":"info","ts":1589945388.3473384,"logger":"fallback-logger","caller":"git/git.go:103","msg":"Successfully cloned https://github.com/cb-kubecd/environment-pr-226-3-boot-eks-staging.git @ master in path /workspace/source"}

Showing logs for build [32mcb-kubecd-environment-pr-226-3-dhwbk-1[0m stage [32mfrom-build-pack[0m and container [32mstep-git-merge[0m
Using SHAs from PULL_REFS=master:5b085892c9816d7893fca7d8d5cad9ac2bf5d6d7,2:abe71bc9f55490755a76eab223c31428f37006fd
DEBUG: LC_ALL=C JX_LOG_LEVEL=error git fetch origin --unshallow abe71bc9f55490755a76eab223c31428f37006fd: 5b085892c9816d7893fca7d8d5cad9ac2bf5d6d7:
DEBUG: ran git fetch --unshallow origin abe71bc9f55490755a76eab223c31428f37006fd: 5b085892c9816d7893fca7d8d5cad9ac2bf5d6d7: in 
DEBUG: LC_ALL=C JX_LOG_LEVEL=error git branch
DEBUG: LC_ALL=C JX_LOG_LEVEL=error git checkout master
DEBUG: ran git checkout master in 
DEBUG: JX_LOG_LEVEL=error LC_ALL=C git reset --hard 5b085892c9816d7893fca7d8d5cad9ac2bf5d6d7
DEBUG: ran git reset --hard 5b085892c9816d7893fca7d8d5cad9ac2bf5d6d7 in 
DEBUG: JX_LOG_LEVEL=error LC_ALL=C git clean -fd .
DEBUG: ran clean --force -d . in 
DEBUG: LC_ALL=C JX_LOG_LEVEL=error git merge abe71bc9f55490755a76eab223c31428f37006fd
DEBUG: ran git merge abe71bc9f55490755a76eab223c31428f37006fd in 
DEBUG: LC_ALL=C JX_LOG_LEVEL=error git log --format=%H%x1f%an%x1f%ae%x1f%cn%x1f%ce%x1f%s%n%b%x1e 5b085892c9816d7893fca7d8d5cad9ac2bf5d6d7..HEAD
Merged SHA abe71bc9f55490755a76eab223c31428f37006fd with commit message 'chore: Promote bdd-sbhg-1589944707 to version 0.0.1' into base branch master

Showing logs for build [32mcb-kubecd-environment-pr-226-3-dhwbk-1[0m stage [32mfrom-build-pack[0m and container [32mstep-build-helm-build[0m
WARNING: No $CHART_REPOSITORY defined so using the default value of: http://jenkins-x-chartmuseum:8080
Adding missing Helm repo: storage.googleapis.com https://storage.googleapis.com/chartmuseum.jenkins-x.io
WARNING: No secrets found on "helm/repos" due: reading the secret "helm/repos" from vault: no secret "helm/repos" not found in vault
Read credentials for https://storage.googleapis.com/chartmuseum.jenkins-x.io from vault helm/repos
Successfully added Helm repository storage.googleapis.com.
Adding missing Helm repo: jenkins-x-chartmuseum http://jenkins-x-chartmuseum:8080
WARNING: No secrets found on "helm/repos" due: reading the secret "helm/repos" from vault: no secret "helm/repos" not found in vault
Read credentials for http://jenkins-x-chartmuseum:8080 from vault helm/repos
Successfully added Helm repository jenkins-x-chartmuseum.
WARNING: No $CHART_REPOSITORY defined so using the default value of: http://jenkins-x-chartmuseum:8080
Adding missing Helm repo: chartmuseum.jenkins-x.io http://chartmuseum.jenkins-x.io
WARNING: No secrets found on "helm/repos" due: reading the secret "helm/repos" from vault: no secret "helm/repos" not found in vault
Read credentials for http://chartmuseum.jenkins-x.io from vault helm/repos
Successfully added Helm repository chartmuseum.jenkins-x.io.
