
Showing logs for build [32mcb-kubecd-environment-pr-226-3-gl7lp-1[0m stage [32mfrom-build-pack[0m and container [32mstep-credential-initializer-85cmk[0m
{"level":"info","ts":1589948576.3841705,"logger":"fallback-logger","caller":"logging/config.go:69","msg":"Fetch GitHub commit ID from kodata failed: open /var/run/ko/refs/heads/0.8.0-ns-support: no such file or directory"}
{"level":"info","ts":1589948576.3844357,"logger":"fallback-logger","caller":"creds-init/main.go:40","msg":"Credentials initialized."}

Showing logs for build [32mcb-kubecd-environment-pr-226-3-gl7lp-1[0m stage [32mfrom-build-pack[0m and container [32mstep-working-dir-initializer-hl8r8[0m
{"level":"info","ts":1589948576.7042246,"logger":"fallback-logger","caller":"logging/config.go:69","msg":"Fetch GitHub commit ID from kodata failed: open /var/run/ko/HEAD: no such file or directory"}
{"level":"info","ts":1589948576.7050583,"logger":"fallback-logger","caller":"bash/main.go:64","msg":"Successfully executed command \"sh -c mkdir -p /workspace/source\"; output "}

Showing logs for build [32mcb-kubecd-environment-pr-226-3-gl7lp-1[0m stage [32mfrom-build-pack[0m and container [32mstep-place-tools[0m

Showing logs for build [32mcb-kubecd-environment-pr-226-3-gl7lp-1[0m stage [32mfrom-build-pack[0m and container [32mstep-git-source-cb-kubecd-environment-pr-226-3-gl7lp-d8d22[0m
{"level":"info","ts":1589948580.836743,"logger":"fallback-logger","caller":"logging/config.go:69","msg":"Fetch GitHub commit ID from kodata failed: open /var/run/ko/refs/heads/0.8.0-ns-support: no such file or directory"}
{"level":"info","ts":1589948581.1351142,"logger":"fallback-logger","caller":"git/git.go:103","msg":"Successfully cloned https://github.com/cb-kubecd/environment-pr-226-3-boot-eks-staging.git @ master in path /workspace/source"}

Showing logs for build [32mcb-kubecd-environment-pr-226-3-gl7lp-1[0m stage [32mfrom-build-pack[0m and container [32mstep-git-merge[0m
Using SHAs from PULL_REFS=master:abf2e0da9540d793e6d1dbe61b8002fcbfd700c7,3:1d866da1a8be318ce76e781000534a26231c6947
DEBUG: LC_ALL=C JX_LOG_LEVEL=error git fetch origin --unshallow 1d866da1a8be318ce76e781000534a26231c6947: abf2e0da9540d793e6d1dbe61b8002fcbfd700c7:
DEBUG: ran git fetch --unshallow origin 1d866da1a8be318ce76e781000534a26231c6947: abf2e0da9540d793e6d1dbe61b8002fcbfd700c7: in 
DEBUG: JX_LOG_LEVEL=error LC_ALL=C git branch
DEBUG: LC_ALL=C JX_LOG_LEVEL=error git checkout master
DEBUG: ran git checkout master in 
DEBUG: LC_ALL=C JX_LOG_LEVEL=error git reset --hard abf2e0da9540d793e6d1dbe61b8002fcbfd700c7
DEBUG: ran git reset --hard abf2e0da9540d793e6d1dbe61b8002fcbfd700c7 in 
DEBUG: LC_ALL=C JX_LOG_LEVEL=error git clean -fd .
DEBUG: ran clean --force -d . in 
DEBUG: LC_ALL=C JX_LOG_LEVEL=error git merge 1d866da1a8be318ce76e781000534a26231c6947
DEBUG: ran git merge 1d866da1a8be318ce76e781000534a26231c6947 in 
DEBUG: LC_ALL=C JX_LOG_LEVEL=error git log --format=%H%x1f%an%x1f%ae%x1f%cn%x1f%ce%x1f%s%n%b%x1e abf2e0da9540d793e6d1dbe61b8002fcbfd700c7..HEAD
Merged SHA 1d866da1a8be318ce76e781000534a26231c6947 with commit message 'chore: Promote bdd-gh-1589944707 to version 0.0.1' into base branch master

Showing logs for build [32mcb-kubecd-environment-pr-226-3-gl7lp-1[0m stage [32mfrom-build-pack[0m and container [32mstep-build-helm-build[0m
WARNING: No $CHART_REPOSITORY defined so using the default value of: http://jenkins-x-chartmuseum:8080
Adding missing Helm repo: storage.googleapis.com https://storage.googleapis.com/chartmuseum.jenkins-x.io
WARNING: No secrets found on "helm/repos" due: reading the secret "helm/repos" from vault: no secret "helm/repos" not found in vault
Read credentials for https://storage.googleapis.com/chartmuseum.jenkins-x.io from vault helm/repos
Successfully added Helm repository storage.googleapis.com.
Adding missing Helm repo: jenkins-x-chartmuseum http://jenkins-x-chartmuseum:8080
WARNING: No secrets found on "helm/repos" due: reading the secret "helm/repos" from vault: no secret "helm/repos" not found in vault
Read credentials for http://jenkins-x-chartmuseum:8080 from vault helm/repos
Successfully added Helm repository jenkins-x-chartmuseum.
WARNING: No $CHART_REPOSITORY defined so using the default value of: http://jenkins-x-chartmuseum:8080
Adding missing Helm repo: chartmuseum.jenkins-x.io http://chartmuseum.jenkins-x.io
WARNING: No secrets found on "helm/repos" due: reading the secret "helm/repos" from vault: no secret "helm/repos" not found in vault
Read credentials for http://chartmuseum.jenkins-x.io from vault helm/repos
Successfully added Helm repository chartmuseum.jenkins-x.io.
