
Showing logs for build [32mcb-kubecd-environment-pr-226-3-bbfmr-1[0m stage [32mfrom-build-pack[0m and container [32mstep-credential-initializer-6mtdp[0m
{"level":"info","ts":1589943384.5159664,"logger":"fallback-logger","caller":"logging/config.go:69","msg":"Fetch GitHub commit ID from kodata failed: open /var/run/ko/refs/heads/0.8.0-ns-support: no such file or directory"}
{"level":"info","ts":1589943384.5162554,"logger":"fallback-logger","caller":"creds-init/main.go:40","msg":"Credentials initialized."}

Showing logs for build [32mcb-kubecd-environment-pr-226-3-bbfmr-1[0m stage [32mfrom-build-pack[0m and container [32mstep-working-dir-initializer-2lld4[0m
{"level":"info","ts":1589943385.4837883,"logger":"fallback-logger","caller":"logging/config.go:69","msg":"Fetch GitHub commit ID from kodata failed: open /var/run/ko/HEAD: no such file or directory"}
{"level":"info","ts":1589943385.4845262,"logger":"fallback-logger","caller":"bash/main.go:64","msg":"Successfully executed command \"sh -c mkdir -p /workspace/source\"; output "}

Showing logs for build [32mcb-kubecd-environment-pr-226-3-bbfmr-1[0m stage [32mfrom-build-pack[0m and container [32mstep-place-tools[0m

Showing logs for build [32mcb-kubecd-environment-pr-226-3-bbfmr-1[0m stage [32mfrom-build-pack[0m and container [32mstep-git-source-cb-kubecd-environment-pr-226-3-bbfmr-n6fcj[0m
{"level":"info","ts":1589943389.5540273,"logger":"fallback-logger","caller":"logging/config.go:69","msg":"Fetch GitHub commit ID from kodata failed: open /var/run/ko/refs/heads/0.8.0-ns-support: no such file or directory"}
{"level":"info","ts":1589943389.7950673,"logger":"fallback-logger","caller":"git/git.go:103","msg":"Successfully cloned https://github.com/cb-kubecd/environment-pr-226-3-boot-eks-staging.git @ master in path /workspace/source"}

Showing logs for build [32mcb-kubecd-environment-pr-226-3-bbfmr-1[0m stage [32mfrom-build-pack[0m and container [32mstep-git-merge[0m
Using SHAs from PULL_REFS=master:c2fffe98d6d71bbbdd52f0ba14c231a34f555caf,1:3bfad868e7d186327d70d3a61c256df5eaacca5a
DEBUG: LC_ALL=C JX_LOG_LEVEL=error git fetch origin --unshallow 3bfad868e7d186327d70d3a61c256df5eaacca5a: c2fffe98d6d71bbbdd52f0ba14c231a34f555caf:
DEBUG: ran git fetch --unshallow origin 3bfad868e7d186327d70d3a61c256df5eaacca5a: c2fffe98d6d71bbbdd52f0ba14c231a34f555caf: in 
DEBUG: LC_ALL=C JX_LOG_LEVEL=error git branch
DEBUG: LC_ALL=C JX_LOG_LEVEL=error git checkout master
DEBUG: ran git checkout master in 
DEBUG: LC_ALL=C JX_LOG_LEVEL=error git reset --hard c2fffe98d6d71bbbdd52f0ba14c231a34f555caf
DEBUG: ran git reset --hard c2fffe98d6d71bbbdd52f0ba14c231a34f555caf in 
DEBUG: LC_ALL=C JX_LOG_LEVEL=error git clean -fd .
DEBUG: ran clean --force -d . in 
DEBUG: LC_ALL=C JX_LOG_LEVEL=error git merge 3bfad868e7d186327d70d3a61c256df5eaacca5a
DEBUG: ran git merge 3bfad868e7d186327d70d3a61c256df5eaacca5a in 
DEBUG: LC_ALL=C JX_LOG_LEVEL=error git log --format=%H%x1f%an%x1f%ae%x1f%cn%x1f%ce%x1f%s%n%b%x1e c2fffe98d6d71bbbdd52f0ba14c231a34f555caf..HEAD
Merged SHA 3bfad868e7d186327d70d3a61c256df5eaacca5a with commit message 'chore: Promote bdd-spring-1589942738 to version 0.0.1' into base branch master

Showing logs for build [32mcb-kubecd-environment-pr-226-3-bbfmr-1[0m stage [32mfrom-build-pack[0m and container [32mstep-build-helm-build[0m
WARNING: No $CHART_REPOSITORY defined so using the default value of: http://jenkins-x-chartmuseum:8080
Adding missing Helm repo: storage.googleapis.com https://storage.googleapis.com/chartmuseum.jenkins-x.io
WARNING: No secrets found on "helm/repos" due: reading the secret "helm/repos" from vault: no secret "helm/repos" not found in vault
Read credentials for https://storage.googleapis.com/chartmuseum.jenkins-x.io from vault helm/repos
Successfully added Helm repository storage.googleapis.com.
Adding missing Helm repo: jenkins-x-chartmuseum http://jenkins-x-chartmuseum:8080
WARNING: No secrets found on "helm/repos" due: reading the secret "helm/repos" from vault: no secret "helm/repos" not found in vault
Read credentials for http://jenkins-x-chartmuseum:8080 from vault helm/repos
Successfully added Helm repository jenkins-x-chartmuseum.
WARNING: No $CHART_REPOSITORY defined so using the default value of: http://jenkins-x-chartmuseum:8080
Adding missing Helm repo: chartmuseum.jenkins-x.io http://chartmuseum.jenkins-x.io
WARNING: No secrets found on "helm/repos" due: reading the secret "helm/repos" from vault: no secret "helm/repos" not found in vault
Read credentials for http://chartmuseum.jenkins-x.io from vault helm/repos
Successfully added Helm repository chartmuseum.jenkins-x.io.
